Compiled jquery.js  (1ms)  (pid 7496)
Compiled jquery_ujs.js  (0ms)  (pid 7496)
Compiled tinymce/preinit.js  (0ms)  (pid 7496)
Compiled tinymce/tiny_mce_jquery_src.js  (3ms)  (pid 7496)
Compiled tinymce/jquery.tinymce.js  (0ms)  (pid 7496)
Compiled tinymce-jquery.js  (31ms)  (pid 7496)
Compiled articles.js  (98ms)  (pid 7496)
Compiled application.js  (163ms)  (pid 7496)
Compiled articles.css  (11ms)  (pid 7496)
Compiled scaffolds.css  (6ms)  (pid 7496)
Compiled application.css  (24ms)  (pid 7496)
Compiled tinymce/tiny_mce_src.js  (3ms)  (pid 7496)
Compiled tinymce.js  (10ms)  (pid 7496)
Compiled jquery.js  (1ms)  (pid 7496)
Compiled jquery_ujs.js  (0ms)  (pid 7496)
Compiled tinymce/preinit.js  (0ms)  (pid 7496)
Compiled tinymce/tiny_mce_jquery_src.js  (3ms)  (pid 7496)
Compiled tinymce/jquery.tinymce.js  (0ms)  (pid 7496)
Compiled tinymce-jquery.js  (32ms)  (pid 7496)
Compiled articles.js  (57ms)  (pid 7496)
Compiled application.js  (125ms)  (pid 7496)
Compiled articles.css  (12ms)  (pid 7496)
Compiled scaffolds.css  (6ms)  (pid 7496)
Compiled application.css  (26ms)  (pid 7496)
Compiled tinymce/tiny_mce_src.js  (3ms)  (pid 7496)
Compiled tinymce.js  (9ms)  (pid 7496)
Compiled jquery.js  (1ms)  (pid 8526)
Compiled jquery_ujs.js  (0ms)  (pid 8526)
Compiled tinymce/preinit.js  (0ms)  (pid 8526)
Compiled tinymce/tiny_mce_jquery_src.js  (3ms)  (pid 8526)
Compiled tinymce/jquery.tinymce.js  (0ms)  (pid 8526)
Compiled tinymce-jquery.js  (33ms)  (pid 8526)
Compiled articles.js  (59ms)  (pid 8526)
Compiled application.js  (126ms)  (pid 8526)
Compiled articles.css  (12ms)  (pid 8526)
Compiled application.css  (15ms)  (pid 8526)
Compiled tinymce/tiny_mce_src.js  (3ms)  (pid 8526)
Compiled tinymce.js  (10ms)  (pid 8526)
Compiled jquery.js  (1ms)  (pid 8526)
Compiled jquery_ujs.js  (0ms)  (pid 8526)
Compiled tinymce/preinit.js  (0ms)  (pid 8526)
Compiled tinymce/tiny_mce_jquery_src.js  (3ms)  (pid 8526)
Compiled tinymce/jquery.tinymce.js  (0ms)  (pid 8526)
Compiled tinymce-jquery.js  (32ms)  (pid 8526)
Compiled articles.js  (56ms)  (pid 8526)
Compiled application.js  (124ms)  (pid 8526)
Compiled articles.css  (13ms)  (pid 8526)
Compiled application.css  (16ms)  (pid 8526)
Compiled tinymce/tiny_mce_src.js  (3ms)  (pid 8526)
Compiled tinymce.js  (11ms)  (pid 8526)
Compiled jquery.js  (1ms)  (pid 14689)
Compiled jquery_ujs.js  (0ms)  (pid 14689)
Compiled tinymce/preinit.js  (0ms)  (pid 14689)
Compiled tinymce/tiny_mce_jquery_src.js  (3ms)  (pid 14689)
Compiled tinymce/jquery.tinymce.js  (0ms)  (pid 14689)
Compiled tinymce-jquery.js  (29ms)  (pid 14689)
Compiled articles.js  (91ms)  (pid 14689)
Compiled application.js  (228ms)  (pid 14689)
Compiled articles.css  (42ms)  (pid 14689)
Compiled articles.css.scss-kopia  (0ms)  (pid 14689)
Compiled application.css  (61ms)  (pid 14689)
Compiled tinymce/tiny_mce_src.js  (3ms)  (pid 14689)
Compiled tinymce.js  (9ms)  (pid 14689)
Compiled jquery.js  (1ms)  (pid 14689)
Compiled jquery_ujs.js  (0ms)  (pid 14689)
Compiled tinymce/preinit.js  (0ms)  (pid 14689)
Compiled tinymce/tiny_mce_jquery_src.js  (3ms)  (pid 14689)
Compiled tinymce/jquery.tinymce.js  (0ms)  (pid 14689)
Compiled tinymce-jquery.js  (17ms)  (pid 14689)
Compiled articles.js  (65ms)  (pid 14689)
Compiled application.js  (113ms)  (pid 14689)
Compiled articles.css  (41ms)  (pid 14689)
Compiled articles.css.scss-kopia  (0ms)  (pid 14689)
Compiled application.css  (58ms)  (pid 14689)
Compiled tinymce/tiny_mce_src.js  (3ms)  (pid 14689)
Compiled tinymce.js  (61ms)  (pid 14689)
Compiled jquery.js  (1ms)  (pid 23348)
Compiled jquery_ujs.js  (0ms)  (pid 23348)
Compiled tinymce/preinit.js  (0ms)  (pid 23348)
Compiled tinymce/tiny_mce_jquery_src.js  (3ms)  (pid 23348)
Compiled tinymce/jquery.tinymce.js  (0ms)  (pid 23348)
Compiled tinymce-jquery.js  (28ms)  (pid 23348)
Compiled articles.js  (53ms)  (pid 23348)
Compiled application.js  (114ms)  (pid 23348)
Compiled articles.css  (46ms)  (pid 23348)
Compiled articles.css.scss-kopia  (0ms)  (pid 23348)
Compiled application.css  (68ms)  (pid 23348)
Compiled tinymce/tiny_mce_src.js  (3ms)  (pid 23348)
Compiled tinymce.js  (9ms)  (pid 23348)
Compiled jquery.js  (1ms)  (pid 23348)
Compiled jquery_ujs.js  (0ms)  (pid 23348)
Compiled tinymce/preinit.js  (0ms)  (pid 23348)
Compiled tinymce/tiny_mce_jquery_src.js  (3ms)  (pid 23348)
Compiled tinymce/jquery.tinymce.js  (0ms)  (pid 23348)
Compiled tinymce-jquery.js  (18ms)  (pid 23348)
Compiled articles.js  (68ms)  (pid 23348)
Compiled application.js  (121ms)  (pid 23348)
Compiled articles.css  (41ms)  (pid 23348)
Compiled articles.css.scss-kopia  (0ms)  (pid 23348)
Compiled application.css  (59ms)  (pid 23348)
Compiled tinymce/tiny_mce_src.js  (3ms)  (pid 23348)
Compiled tinymce.js  (9ms)  (pid 23348)
Compiled jquery.js  (1ms)  (pid 40831)
Compiled jquery_ujs.js  (0ms)  (pid 40831)
Compiled tinymce/preinit.js  (0ms)  (pid 40831)
Compiled tinymce/tiny_mce_jquery_src.js  (14ms)  (pid 40831)
Compiled tinymce/jquery.tinymce.js  (0ms)  (pid 40831)
Compiled tinymce-jquery.js  (59ms)  (pid 40831)
Compiled articles.js  (279ms)  (pid 40831)
Compiled application.js  (495ms)  (pid 40831)
Compiled articles.css  (159ms)  (pid 40831)
Compiled application.css  (167ms)  (pid 40831)
Compiled tinymce/tiny_mce_src.js  (3ms)  (pid 40831)
Compiled tinymce.js  (32ms)  (pid 40831)
Compiled jquery.js  (1ms)  (pid 40831)
Compiled jquery_ujs.js  (0ms)  (pid 40831)
Compiled tinymce/preinit.js  (0ms)  (pid 40831)
Compiled tinymce/tiny_mce_jquery_src.js  (3ms)  (pid 40831)
Compiled tinymce/jquery.tinymce.js  (0ms)  (pid 40831)
Compiled tinymce-jquery.js  (77ms)  (pid 40831)
Compiled articles.js  (57ms)  (pid 40831)
Compiled application.js  (179ms)  (pid 40831)
Compiled articles.css  (95ms)  (pid 40831)
Compiled application.css  (103ms)  (pid 40831)
Compiled tinymce/tiny_mce_src.js  (3ms)  (pid 40831)
Compiled tinymce.js  (11ms)  (pid 40831)
Connecting to database specified by database.yml
Connecting to database specified by database.yml
Connecting to database specified by database.yml
Connecting to database specified by database.yml
